2026-03-09 13:11:57 [INFO    ] modules.contentful: Found 78 course entries (1 pages of 200)
2026-03-09 13:11:58 [WARNING ] modules.contentful: Response too large for entry 1GEfru8cXMcCdN2Lm6YXvI (include=2). Retrying with include=1...
2026-03-09 13:12:01 [WARNING ] modules.contentful: Response too large for entry 1PZuhXh6CTUsGmSk8BF4NZ (include=2). Retrying with include=1...
2026-03-09 13:12:03 [WARNING ] modules.contentful: Response too large for entry 3DvvTPvKrbhiVgEcAl4FYy (include=2). Retrying with include=1...
2026-03-09 13:12:05 [WARNING ] modules.contentful: Response too large for entry 6Uh62skqrQhrYNjsBIwdTp (include=2). Retrying with include=1...
2026-03-09 13:12:07 [WARNING ] modules.contentful: Response too large for entry 2clL179UQfnjlrUFZbvG3b (include=2). Retrying with include=1...
2026-03-09 13:12:10 [WARNING ] modules.contentful: Response too large for entry 4GCdjxi7Jz1rAIVL1zjWu (include=2). Retrying with include=1...
2026-03-09 13:12:12 [WARNING ] modules.contentful: Response too large for entry 5KvyUZAxgJveuAmlu3LOzi (include=2). Retrying with include=1...
2026-03-09 13:12:14 [WARNING ] modules.contentful: Response too large for entry 4zxZ4q4SgCxt3szxk6ErhN (include=2). Retrying with include=1...
2026-03-09 13:12:17 [WARNING ] modules.contentful: Response too large for entry 7AQ0Noe8EAdRvkVVV8s860 (include=2). Retrying with include=1...
2026-03-09 13:12:22 [INFO    ] modules.pinecone_utils: Upserted batch of 64 vectors
2026-03-09 13:12:52 [INFO    ] modules.pinecone_utils: Upserted batch of 64 vectors
2026-03-09 13:13:17 [INFO    ] modules.pinecone_utils: Upserted batch of 64 vectors
2026-03-09 13:13:45 [INFO    ] modules.pinecone_utils: Upserted batch of 64 vectors
2026-03-09 13:14:14 [INFO    ] modules.pinecone_utils: Upserted batch of 64 vectors
2026-03-09 13:14:46 [INFO    ] modules.pinecone_utils: Upserted batch of 64 vectors
2026-03-09 13:15:07 [WARNING ] __main__: Skipping journey 41fQwj0laBQQYuVxrB3BQR [fr]: no overview content
2026-03-09 13:15:13 [INFO    ] modules.pinecone_utils: Upserted batch of 64 vectors
2026-03-09 13:15:50 [INFO    ] modules.pinecone_utils: Upserted batch of 64 vectors
2026-03-09 13:15:57 [INFO    ] modules.pinecone_utils: Upserted batch of 12 vectors
2026-03-09 13:15:57 [INFO    ] __main__: Done. Upserted 524 vectors for course.
